✅ Done! Check /Users/benblack/.openclaw/workspace/nightly-builds/outputs/2026-03-09-hugback-17/ for results.
✅ Done! Check /Users/benblack/.openclaw/workspace/nightly-builds/outputs/2026-03-10-hugback-18/ for results.
✅ Done! Check /Users/benblack/.openclaw/workspace/nightly-builds/outputs/2026-03-11-hugback-20/ for results.
✅ Done! Check /Users/benblack/.openclaw/workspace/nightly-builds/outputs/2026-03-11-hugback-20/ for results.
✅ Done! Check /Users/benblack/.openclaw/workspace/nightly-builds/outputs/2026-03-12-hugback-0/ for results.
✅ Done! Check /Users/benblack/.openclaw/workspace/nightly-builds/outputs/2026-03-12-hugback-0/ for results.
✅ Done! Check /Users/benblack/.openclaw/workspace/nightly-builds/outputs/2026-03-14-hugback-22/ for results.
✅ Done! Check /Users/benblack/.openclaw/workspace/nightly-builds/outputs/2026-03-14-hugback-22/ for results.
On branch main
Your branch is up to date with 'origin/main'.

nothing to commit, working tree clean
✅ Done! Check /Users/benblack/.openclaw/workspace/nightly-builds/outputs/2026-03-17-hugback-24/ for results.
On branch main
Your branch is up to date with 'origin/main'.

nothing to commit, working tree clean
✅ Done! Check /Users/benblack/.openclaw/workspace/nightly-builds/outputs/2026-03-18-hugback-0/ for results.
[extract-code-blocks.py] Found 4 [FILE:] markers
[extract-code-blocks.py] ✅ Wrote /Users/benblack/hugback/backend/seeder/index.js
[extract-code-blocks.py] ✅ Wrote /Users/benblack/hugback/backend/routes/seeder.js
[extract-code-blocks.py] ✅ Wrote /Users/benblack/hugback/backend/app.js
[extract-code-blocks.py] ✅ Wrote /Users/benblack/hugback/migrations/2023-10-04-add-seeder.sql
[extract-code-blocks.py] Extraction complete. 4 files written

✅ Done! Check /Users/benblack/.openclaw/workspace/nightly-builds/outputs/2026-03-19-hugback-26/ for results.
[extract-code-blocks.py] Found 5 [FILE:] markers
[extract-code-blocks.py] ✅ Wrote /Users/benblack/hugback/src/components/ErrorLogSummarizer.js
[extract-code-blocks.py] ✅ Wrote /Users/benblack/hugback/src/api/errorLogs.js
[extract-code-blocks.py] ✅ Wrote /Users/benblack/hugback/backend/routes/errorLogs.js
[extract-code-blocks.py] ✅ Wrote /Users/benblack/hugback/backend/app.js
[extract-code-blocks.py] ✅ Wrote /Users/benblack/hugback/src/App.js
[extract-code-blocks.py] Extraction complete. 5 files written

✅ Done! Check /Users/benblack/.openclaw/workspace/nightly-builds/outputs/2026-03-20-hugback-27/ for results.
[extract-code-blocks.py] Found 3 [FILE:] markers
[extract-code-blocks.py] ✅ Wrote /Users/benblack/hugback/src/components/ReleaseNotes.js
[extract-code-blocks.py] ✅ Wrote /Users/benblack/hugback/src/routes.js
[extract-code-blocks.py] ✅ Wrote /Users/benblack/hugback/backend/routes/api.js
[extract-code-blocks.py] Extraction complete. 3 files written

✅ Done! Check /Users/benblack/.openclaw/workspace/nightly-builds/outputs/2026-03-21-hugback-28/ for results.
[extract-code-blocks.py] Found 4 [FILE:] markers
[extract-code-blocks.py] ✅ Wrote /Users/benblack/hugback/src/components/ReleaseNotes.js
[extract-code-blocks.py] ✅ Wrote /Users/benblack/hugback/backend/routes/api/releaseNotes.js
[extract-code-blocks.py] ✅ Wrote /Users/benblack/hugback/backend/server.js
[extract-code-blocks.py] ✅ Wrote /Users/benblack/hugback/src/App.js
[extract-code-blocks.py] Extraction complete. 4 files written

✅ Done! Check /Users/benblack/.openclaw/workspace/nightly-builds/outputs/2026-03-22-hugback-28/ for results.
